<?xml version="1.0" encoding="UTF-8"?>
<!-- Generated by org.testng.reporters.JUnitReportReporter -->
<testsuite hostname="SAIF" name="bdd.runners.RunnerClass" tests="2" failures="0" timestamp="5 Aug 2020 18:17:22 GMT" time="44.662" errors="0">
  <testcase name="feature" time="21.566" classname="bdd.runners.RunnerClass"/>
  <testcase name="feature" time="23.096" classname="bdd.runners.RunnerClass"/>
</testsuite> <!-- bdd.runners.RunnerClass -->
